<?xml version="1.0" encoding="UTF-8"?>
<!-- Generated by org.testng.reporters.JUnitXMLReporter -->
<testsuite ignored="5" hostname="DESKTOP-ECJ0OIO" failures="0" tests="1" name="Default test(failed)" time="0.059" errors="0" timestamp="2022-05-28T22:08:07 IST">
  <testcase classname="Pages.LoginPage" name="signUp" time="0.017"/>
  <testcase classname="Pages.LoginPage" name="logOut" time="0.0">
    <ignored/>
  </testcase> <!-- logOut -->
  <testcase classname="Pages.LoginPage" name="about" time="0.0">
    <ignored/>
  </testcase> <!-- about -->
  <testcase classname="Pages.LoginPage" name="register" time="0.0">
    <ignored/>
  </testcase> <!-- register -->
  <testcase classname="Pages.LoginPage" name="home" time="0.0">
    <ignored/>
  </testcase> <!-- home -->
  <testcase classname="Pages.LoginPage" name="login" time="0.0">
    <ignored/>
  </testcase> <!-- login -->
</testsuite> <!-- Default test(failed) -->
