<?xml version="1.0" encoding="UTF-8"?>
<!-- Generated by org.testng.reporters.JUnitXMLReporter -->
<testsuite ignored="3" hostname="DESKTOP-ECJ0OIO" failures="0" tests="3" name="Test" time="0.053" errors="0" timestamp="2022-05-29T01:39:05 IST">
  <testcase classname="Pages.LoginPage" name="register" time="0.01"/>
  <testcase classname="Pages.LoginPage" name="signUp" time="0.002"/>
  <testcase classname="Pages.LoginPage" name="about" time="0.001"/>
  <testcase classname="Pages.LoginPage" name="logOut" time="0.0">
    <ignored/>
  </testcase> <!-- logOut -->
  <testcase classname="Pages.LoginPage" name="home" time="0.0">
    <ignored/>
  </testcase> <!-- home -->
  <testcase classname="Pages.LoginPage" name="login" time="0.0">
    <ignored/>
  </testcase> <!-- login -->
</testsuite> <!-- Test -->
